Using pre-set license
Built from '2021.3/staging' branch; Version is '2021.3.23f1 (213b516bf396) revision 2177873'; Using compiler version '192829333'; Build Type 'Release'
OS: 'Windows 11  (10.0.22631) 64bit Professional' Language: 'zh' Physical Memory: 40183 MB
BatchMode: 1, IsHumanControllingUs: 0, StartBugReporterOnCrash: 0, Is64bit: 1, IsPro: 1

COMMAND LINE ARGUMENTS:
D:\UNITY\Unity 2021.3.23f1\Editor\Unity.exe
-adb2
-batchMode
-noUpm
-name
AssetImportWorker0
-projectPath
D:/LunaticProject/LunaticProject
-logFile
Logs/AssetImportWorker0.log
-srvPort
56801
Successfully changed project path to: D:/LunaticProject/LunaticProject
D:/LunaticProject/LunaticProject
[UnityMemory] Configuration Parameters - Can be set up in boot.config
    "memorysetup-bucket-allocator-granularity=16"
    "memorysetup-bucket-allocator-bucket-count=8"
    "memorysetup-bucket-allocator-block-size=33554432"
    "memorysetup-bucket-allocator-block-count=8"
    "memorysetup-main-allocator-block-size=16777216"
    "memorysetup-thread-allocator-block-size=16777216"
    "memorysetup-gfx-main-allocator-block-size=16777216"
    "memorysetup-gfx-thread-allocator-block-size=16777216"
    "memorysetup-cache-allocator-block-size=4194304"
    "memorysetup-typetree-allocator-block-size=2097152"
    "memorysetup-profiler-bucket-allocator-granularity=16"
    "memorysetup-profiler-bucket-allocator-bucket-count=8"
    "memorysetup-profiler-bucket-allocator-block-size=33554432"
    "memorysetup-profiler-bucket-allocator-block-count=8"
    "memorysetup-profiler-allocator-block-size=16777216"
    "memorysetup-profiler-editor-allocator-block-size=1048576"
    "memorysetup-temp-allocator-size-main=16777216"
    "memorysetup-job-temp-allocator-block-size=2097152"
    "memorysetup-job-temp-allocator-block-size-background=1048576"
    "memorysetup-job-temp-allocator-reduction-small-platforms=262144"
    "memorysetup-temp-allocator-size-background-worker=32768"
    "memorysetup-temp-allocator-size-job-worker=262144"
    "memorysetup-temp-allocator-size-preload-manager=33554432"
    "memorysetup-temp-allocator-size-nav-mesh-worker=65536"
    "memorysetup-temp-allocator-size-audio-worker=65536"
    "memorysetup-temp-allocator-size-cloud-worker=32768"
    "memorysetup-temp-allocator-size-gi-baking-worker=262144"
    "memorysetup-temp-allocator-size-gfx=262144"
Player connection [20976] Host "[IP] 100.77.130.82 [Port] 0 [Flags] 2 [Guid] 4140838229 [EditorId] 4140838229 [Version] 1048832 [Id] WindowsEditor(7,wang) [Debug] 1 [PackageName] WindowsEditor [ProjectName] Editor" joined multi-casting on [225.0.0.222:54997]...

Player connection [20976] Host "[IP] 100.77.130.82 [Port] 0 [Flags] 2 [Guid] 4140838229 [EditorId] 4140838229 [Version] 1048832 [Id] WindowsEditor(7,wang) [Debug] 1 [PackageName] WindowsEditor [ProjectName] Editor" joined alternative multi-casting on [225.0.0.222:34997]...

Refreshing native plugins compatible for Editor in 76.54 ms, found 4 plugins.
Preloading 0 native plugins for Editor in 0.00 ms.
Initialize engine version: 2021.3.23f1 (213b516bf396)
[Subsystems] Discovering subsystems at path D:/UNITY/Unity 2021.3.23f1/Editor/Data/Resources/UnitySubsystems
[Subsystems] Discovering subsystems at path D:/LunaticProject/LunaticProject/Assets
GfxDevice: creating device client; threaded=0; jobified=0
Direct3D:
    Version:  Direct3D 11.0 [level 11.1]
    Renderer: NVIDIA GeForce RTX 4060 Laptop GPU (ID=0x28a0)
    Vendor:   NVIDIA
    VRAM:     7957 MB
    Driver:   32.0.15.7640
Initialize mono
Mono path[0] = 'D:/UNITY/Unity 2021.3.23f1/Editor/Data/Managed'
Mono path[1] = 'D:/UNITY/Unity 2021.3.23f1/Editor/Data/MonoBleedingEdge/lib/mono/unityjit-win32'
Mono config path = 'D:/UNITY/Unity 2021.3.23f1/Editor/Data/MonoBleedingEdge/etc'
Using monoOptions --debugger-agent=transport=dt_socket,embedding=1,server=y,suspend=n,address=127.0.0.1:56828
Begin MonoManager ReloadAssembly
Registering precompiled unity dll's ...
Register platform support module: D:/UNITY/Unity 2021.3.23f1/Editor/Data/PlaybackEngines/WindowsStandaloneSupport/UnityEditor.WindowsStandalone.Extensions.dll
Registered in 0.009456 seconds.
Native extension for WindowsStandalone target not found
Refreshing native plugins compatible for Editor in 64.94 ms, found 4 plugins.
Preloading 0 native plugins for Editor in 0.00 ms.
Mono: successfully reloaded assembly
- Completed reload, in  0.597 seconds
Domain Reload Profiling:
	ReloadAssembly (598ms)
		BeginReloadAssembly (109ms)
			ExecutionOrderSort (0ms)
			DisableScriptedObjects (0ms)
			BackupInstance (0ms)
			ReleaseScriptingObjects (0ms)
			CreateAndSetChildDomain (1ms)
		EndReloadAssembly (390ms)
			LoadAssemblies (105ms)
			RebuildTransferFunctionScriptingTraits (0ms)
			SetupTypeCache (87ms)
			ReleaseScriptCaches (0ms)
			RebuildScriptCaches (24ms)
			SetupLoadedEditorAssemblies (224ms)
				LogAssemblyErrors (0ms)
				InitializePlatformSupportModulesInManaged (9ms)
				SetLoadedEditorAssemblies (0ms)
				RefreshPlugins (65ms)
				BeforeProcessingInitializeOnLoad (1ms)
				ProcessInitializeOnLoadAttributes (106ms)
				ProcessInitializeOnLoadMethodAttributes (43ms)
				AfterProcessingInitializeOnLoad (0ms)
				EditorAssembliesLoaded (0ms)
			ExecutionOrderSort2 (0ms)
			AwakeInstancesAfterBackupRestoration (0ms)
Platform modules already initialized, skipping
Registering precompiled user dll's ...
Registered in 0.020816 seconds.
Begin MonoManager ReloadAssembly
Symbol file LoadedFromMemory doesn't match image D:\LunaticProject\LunaticProject\Library\PackageCache\com.unity.visualscripting@1.8.0\Editor\VisualScripting.Core\Dependencies\YamlDotNet\Unity.VisualScripting.YamlDotNet.dll
Symbol file LoadedFromMemory doesn't match image D:\LunaticProject\LunaticProject\Library\PackageCache\com.unity.visualscripting@1.8.0\Editor\VisualScripting.Core\Dependencies\DotNetZip\Unity.VisualScripting.IonicZip.dll
Native extension for WindowsStandalone target not found
Refreshing native plugins compatible for Editor in 0.69 ms, found 4 plugins.
Preloading 0 native plugins for Editor in 0.00 ms.
Mono: successfully reloaded assembly
- Completed reload, in  1.395 seconds
Domain Reload Profiling:
	ReloadAssembly (1396ms)
		BeginReloadAssembly (133ms)
			ExecutionOrderSort (0ms)
			DisableScriptedObjects (6ms)
			BackupInstance (0ms)
			ReleaseScriptingObjects (0ms)
			CreateAndSetChildDomain (21ms)
		EndReloadAssembly (1156ms)
			LoadAssemblies (121ms)
			RebuildTransferFunctionScriptingTraits (0ms)
			SetupTypeCache (233ms)
			ReleaseScriptCaches (1ms)
			RebuildScriptCaches (45ms)
			SetupLoadedEditorAssemblies (737ms)
				LogAssemblyErrors (0ms)
				InitializePlatformSupportModulesInManaged (6ms)
				SetLoadedEditorAssemblies (0ms)
				RefreshPlugins (1ms)
				BeforeProcessingInitializeOnLoad (87ms)
				ProcessInitializeOnLoadAttributes (613ms)
				ProcessInitializeOnLoadMethodAttributes (16ms)
				AfterProcessingInitializeOnLoad (14ms)
				EditorAssembliesLoaded (0ms)
			ExecutionOrderSort2 (0ms)
			AwakeInstancesAfterBackupRestoration (6ms)
Platform modules already initialized, skipping
========================================================================
Worker process is ready to serve import requests
Launched and connected shader compiler UnityShaderCompiler.exe after 0.08 seconds
Refreshing native plugins compatible for Editor in 1.23 ms, found 4 plugins.
Preloading 0 native plugins for Editor in 0.00 ms.
Unloading 3317 Unused Serialized files (Serialized files now loaded: 0)
Unloading 47 unused Assets / (56.9 KB). Loaded Objects now: 3767.
Memory consumption went from 115.7 MB to 115.7 MB.
Total: 3.901300 ms (FindLiveObjects: 0.280300 ms CreateObjectMapping: 0.120700 ms MarkObjects: 3.398500 ms  DeleteObjects: 0.100800 ms)

AssetImportParameters requested are different than current active one (requested -> active):
  custom:video-decoder-ogg-theora: a1e56fd34408186e4bbccfd4996cb3dc -> 
  custom:container-muxer-webm: aa71ff27fc2769a1b78a27578f13a17b -> 
  custom:container-demuxer-webm: 4f35f7cbe854078d1ac9338744f61a02 -> 
  custom:video-encoder-webm-vp8: eb34c28f22e8b96e1ab97ce403110664 -> 
  custom:video-codec-MediaFoundation-h265: 746d11721c4dcdbdad8f713fa42b33f4 -> 
  custom:audio-encoder-webm-vorbis: bf7c407c2cedff20999df2af8eb42d56 -> 
  custom:framework-win-MediaFoundation: 216162199b28c13a410421893ffa2e32 -> 
  custom:container-demuxer-ogg: 62fdf1f143b41e24485cea50d1cbac27 -> 
  custom:video-decoder-webm-vp8: 9c59270c3fd7afecdb556c50c9e8de78 -> 
  custom:audio-decoder-ogg-vorbis: bf7c407c2cedff20999df2af8eb42d56 -> 
========================================================================
Received Import Request.
  Time since last request: 49712.306634 seconds.
  path: Assets/StreamingAssets/PR3-1
  artifactKey: Guid(ea91db515450cd94ca5cec8e5db51700) Importer(815301076,1909f56bfc062723c751e8b465ee728b)
Start importing Assets/StreamingAssets/PR3-1 using Guid(ea91db515450cd94ca5cec8e5db51700) Importer(815301076,1909f56bfc062723c751e8b465ee728b)  -> (artifact id: 'c285b6680c4c7e583b3fbb7ce94ef065') in 0.026317 seconds 
========================================================================
Received Import Request.
  Time since last request: 24.564262 seconds.
  path: Assets/StreamingAssets/PR3-1 1
  artifactKey: Guid(f6a7186bfe3870c46ba866ba0c5c9f44) Importer(815301076,1909f56bfc062723c751e8b465ee728b)
Start importing Assets/StreamingAssets/PR3-1 1 using Guid(f6a7186bfe3870c46ba866ba0c5c9f44) Importer(815301076,1909f56bfc062723c751e8b465ee728b)  -> (artifact id: 'a67a122d2e514843c759cc614670ac35') in 0.003029 seconds 
========================================================================
Received Import Request.
  Time since last request: 8.627440 seconds.
  path: Assets/StreamingAssets/PR3-1-A
  artifactKey: Guid(f6a7186bfe3870c46ba866ba0c5c9f44) Importer(815301076,1909f56bfc062723c751e8b465ee728b)
Start importing Assets/StreamingAssets/PR3-1-A using Guid(f6a7186bfe3870c46ba866ba0c5c9f44) Importer(815301076,1909f56bfc062723c751e8b465ee728b)  -> (artifact id: '2570a7768b6d82486bde4e4c3ee29c63') in 0.002562 seconds 
========================================================================
Received Import Request.
  Time since last request: 218.500065 seconds.
  path: Assets/StreamingAssets/PR2-4-5-A
  artifactKey: Guid(dda42144b772fce40b3568355a3f1280) Importer(815301076,1909f56bfc062723c751e8b465ee728b)
Start importing Assets/StreamingAssets/PR2-4-5-A using Guid(dda42144b772fce40b3568355a3f1280) Importer(815301076,1909f56bfc062723c751e8b465ee728b)  -> (artifact id: '0068cf5c43053a4cc8fe03b7791e4a69') in 0.003640 seconds 
========================================================================
Received Import Request.
  Time since last request: 167.117527 seconds.
  path: Assets/StreamingAssets/PR2-4-5-C
  artifactKey: Guid(b6aafb8b3dc40e2409e5a16b6a0cff28) Importer(815301076,1909f56bfc062723c751e8b465ee728b)
Start importing Assets/StreamingAssets/PR2-4-5-C using Guid(b6aafb8b3dc40e2409e5a16b6a0cff28) Importer(815301076,1909f56bfc062723c751e8b465ee728b)  -> (artifact id: '0ee4bbcfa836b7ce7c16911bb4d35b61') in 0.003188 seconds 
========================================================================
Received Import Request.
  Time since last request: 32.873670 seconds.
  path: Assets/StreamingAssets/PR2-4-5-B-C
  artifactKey: Guid(3530826f8d680554ea0f55fb25b50cb1) Importer(815301076,1909f56bfc062723c751e8b465ee728b)
Start importing Assets/StreamingAssets/PR2-4-5-B-C using Guid(3530826f8d680554ea0f55fb25b50cb1) Importer(815301076,1909f56bfc062723c751e8b465ee728b)  -> (artifact id: '023a20ef794bf263d034d6a8bb525081') in 0.003166 seconds 
========================================================================
Received Import Request.
  Time since last request: 77.251288 seconds.
  path: Assets/StreamingAssets/PR3-1-A
  artifactKey: Guid(f6a7186bfe3870c46ba866ba0c5c9f44) Importer(815301076,1909f56bfc062723c751e8b465ee728b)
Start importing Assets/StreamingAssets/PR3-1-A using Guid(f6a7186bfe3870c46ba866ba0c5c9f44) Importer(815301076,1909f56bfc062723c751e8b465ee728b)  -> (artifact id: 'a4ec0ac6f93bc4d084c9c823be7270dd') in 0.002724 seconds 
========================================================================
Received Import Request.
  Time since last request: 6.568201 seconds.
  path: Assets/StreamingAssets/PR3-1-A 1
  artifactKey: Guid(261e457d3296cee4aa5a1d27bb9c23d1) Importer(815301076,1909f56bfc062723c751e8b465ee728b)
Start importing Assets/StreamingAssets/PR3-1-A 1 using Guid(261e457d3296cee4aa5a1d27bb9c23d1) Importer(815301076,1909f56bfc062723c751e8b465ee728b)  -> (artifact id: 'e73bbfe014505171fd5c8bc87717249f') in 0.002796 seconds 
========================================================================
Received Import Request.
  Time since last request: 6.924791 seconds.
  path: Assets/StreamingAssets/PR3-1-A-B
  artifactKey: Guid(261e457d3296cee4aa5a1d27bb9c23d1) Importer(815301076,1909f56bfc062723c751e8b465ee728b)
Start importing Assets/StreamingAssets/PR3-1-A-B using Guid(261e457d3296cee4aa5a1d27bb9c23d1) Importer(815301076,1909f56bfc062723c751e8b465ee728b)  -> (artifact id: 'dd10836a7f884c85edfd2863ce7d9344') in 0.002976 seconds 
========================================================================
Received Import Request.
  Time since last request: 174.460728 seconds.
  path: Assets/StreamingAssets/PR3-1-A-B
  artifactKey: Guid(261e457d3296cee4aa5a1d27bb9c23d1) Importer(815301076,1909f56bfc062723c751e8b465ee728b)
Start importing Assets/StreamingAssets/PR3-1-A-B using Guid(261e457d3296cee4aa5a1d27bb9c23d1) Importer(815301076,1909f56bfc062723c751e8b465ee728b)  -> (artifact id: '9032792d903a6faffbaa5f33d10cf9bc') in 0.018625 seconds 
========================================================================
Received Import Request.
  Time since last request: 11.178961 seconds.
  path: Assets/StreamingAssets/PR3-1-B
  artifactKey: Guid(261e457d3296cee4aa5a1d27bb9c23d1) Importer(815301076,1909f56bfc062723c751e8b465ee728b)
Start importing Assets/StreamingAssets/PR3-1-B using Guid(261e457d3296cee4aa5a1d27bb9c23d1) Importer(815301076,1909f56bfc062723c751e8b465ee728b)  -> (artifact id: '2aee80199692e819f34857603bff40a8') in 0.003706 seconds 
========================================================================
Received Import Request.
  Time since last request: 9.663726 seconds.
  path: Assets/StreamingAssets/PR3-1-B 1
  artifactKey: Guid(479dec6240951a144b3f8ef55159581d) Importer(815301076,1909f56bfc062723c751e8b465ee728b)
Start importing Assets/StreamingAssets/PR3-1-B 1 using Guid(479dec6240951a144b3f8ef55159581d) Importer(815301076,1909f56bfc062723c751e8b465ee728b)  -> (artifact id: '90086a47c6dad6c2ad627e83a6d99e19') in 0.002724 seconds 
========================================================================
Received Import Request.
  Time since last request: 6.802944 seconds.
  path: Assets/StreamingAssets/PR3-2
  artifactKey: Guid(479dec6240951a144b3f8ef55159581d) Importer(815301076,1909f56bfc062723c751e8b465ee728b)
Start importing Assets/StreamingAssets/PR3-2 using Guid(479dec6240951a144b3f8ef55159581d) Importer(815301076,1909f56bfc062723c751e8b465ee728b)  -> (artifact id: 'a6890476ee2041757bcb37c7c6a25c5f') in 0.002593 seconds 
========================================================================
Received Import Request.
  Time since last request: 120.769945 seconds.
  path: Assets/StreamingAssets/PR3-2
  artifactKey: Guid(479dec6240951a144b3f8ef55159581d) Importer(815301076,1909f56bfc062723c751e8b465ee728b)
Start importing Assets/StreamingAssets/PR3-2 using Guid(479dec6240951a144b3f8ef55159581d) Importer(815301076,1909f56bfc062723c751e8b465ee728b)  -> (artifact id: '6a703ce9b24adc350fab49e1894eb01d') in 0.002463 seconds 
========================================================================
Received Import Request.
  Time since last request: 771.010365 seconds.
  path: Assets/StreamingAssets/PR3-1
  artifactKey: Guid(ea91db515450cd94ca5cec8e5db51700) Importer(815301076,1909f56bfc062723c751e8b465ee728b)
Start importing Assets/StreamingAssets/PR3-1 using Guid(ea91db515450cd94ca5cec8e5db51700) Importer(815301076,1909f56bfc062723c751e8b465ee728b)  -> (artifact id: 'e76f973f4131443ed30a0347273f5ce3') in 0.003231 seconds 
========================================================================
Received Import Request.
  Time since last request: 124.852510 seconds.
  path: Assets/StreamingAssets/PR3-1-A
  artifactKey: Guid(f6a7186bfe3870c46ba866ba0c5c9f44) Importer(815301076,1909f56bfc062723c751e8b465ee728b)
Start importing Assets/StreamingAssets/PR3-1-A using Guid(f6a7186bfe3870c46ba866ba0c5c9f44) Importer(815301076,1909f56bfc062723c751e8b465ee728b)  -> (artifact id: '71b998a1c8009e7adcc158ddc6b2c250') in 0.004417 seconds 
========================================================================
Received Import Request.
  Time since last request: 105.272374 seconds.
  path: Assets/StreamingAssets/PR3-1-B
  artifactKey: Guid(261e457d3296cee4aa5a1d27bb9c23d1) Importer(815301076,1909f56bfc062723c751e8b465ee728b)
Start importing Assets/StreamingAssets/PR3-1-B using Guid(261e457d3296cee4aa5a1d27bb9c23d1) Importer(815301076,1909f56bfc062723c751e8b465ee728b)  -> (artifact id: '2fbc9b8f0c32c5614e9aa14eaf38bb33') in 0.003261 seconds 
